GROUP,PACKAGE,CLASS,INSTRUCTION_MISSED,INSTRUCTION_COVERED,BRANCH_MISSED,BRANCH_COVERED,LINE_MISSED,LINE_COVERED,COMPLEXITY_MISSED,COMPLEXITY_COVERED,METHOD_MISSED,METHOD_COVERED
student-management,tn.esprit.studentmanagement.controllers,EnrollmentController,24,0,0,0,5,0,5,0,5,0
student-management,tn.esprit.studentmanagement.controllers,DepartmentController,24,0,0,0,5,0,5,0,5,0
student-management,tn.esprit.studentmanagement.controllers,StudentController,27,0,0,0,7,0,5,0,5,0
student-management,tn.esprit.studentmanagement,StudentManagementApplication,5,3,0,0,2,1,1,1,1,1
student-management,tn.esprit.studentmanagement.services,StudentService,23,0,0,0,5,0,4,0,4,0
student-management,tn.esprit.studentmanagement.services,DepartmentService,6,30,0,0,0,9,1,5,1,5
student-management,tn.esprit.studentmanagement.services,EnrollmentService,30,6,0,0,6,3,5,1,5,1
student-management,tn.esprit.studentmanagement.entities,Status,0,33,0,0,0,6,0,1,0,1
